{"/Users/tosaojiru/src/repos/websites/submodules/breakquest/js/demo.js": {"path":"/Users/tosaojiru/src/repos/websites/submodules/breakquest/js/demo.js","statementMap":{"0":{"start":{"line":1,"column":0},"end":{"line":220,"column":5}},"1":{"start":{"line":4,"column":18},"end":{"line":13,"column":3}},"2":{"start":{"line":15,"column":22},"end":{"line":19,"column":3}},"3":{"start":{"line":21,"column":23},"end":{"line":21,"column":27}},"4":{"start":{"line":22,"column":21},"end":{"line":22,"column":22}},"5":{"start":{"line":24,"column":21},"end":{"line":24,"column":24}},"6":{"start":{"line":25,"column":22},"end":{"line":25,"column":25}},"7":{"start":{"line":26,"column":22},"end":{"line":26,"column":26}},"8":{"start":{"line":27,"column":19},"end":{"line":27,"column":20}},"9":{"start":{"line":28,"column":24},"end":{"line":28,"column":25}},"10":{"start":{"line":29,"column":22},"end":{"line":29,"column":26}},"11":{"start":{"line":37,"column":12},"end":{"line":37,"column":33}},"12":{"start":{"line":38,"column":12},"end":{"line":38,"column":21}},"13":{"start":{"line":39,"column":4},"end":{"line":39,"column":33}},"14":{"start":{"line":43,"column":4},"end":{"line":43,"column":37}},"15":{"start":{"line":47,"column":17},"end":{"line":47,"column":57}},"16":{"start":{"line":48,"column":4},"end":{"line":50,"column":5}},"17":{"start":{"line":48,"column":17},"end":{"line":48,"column":18}},"18":{"start":{"line":49,"column":6},"end":{"line":49,"column":40}},"19":{"start":{"line":51,"column":4},"end":{"line":51,"column":59}},"20":{"start":{"line":55,"column":4},"end":{"line":55,"column":55}},"21":{"start":{"line":61,"column":4},"end":{"line":61,"column":30}},"22":{"start":{"line":61,"column":23},"end":{"line":61,"column":30}},"23":{"start":{"line":62,"column":4},"end":{"line":62,"column":39}},"24":{"start":{"line":63,"column":4},"end":{"line":63,"column":23}},"25":{"start":{"line":64,"column":4},"end":{"line":74,"column":13}},"26":{"start":{"line":65,"column":6},"end":{"line":65,"column":22}},"27":{"start":{"line":66,"column":6},"end":{"line":66,"column":54}},"28":{"start":{"line":67,"column":16},"end":{"line":67,"column":69}},"29":{"start":{"line":68,"column":6},"end":{"line":68,"column":45}},"30":{"start":{"line":69,"column":6},"end":{"line":73,"column":7}},"31":{"start":{"line":70,"column":8},"end":{"line":70,"column":37}},"32":{"start":{"line":71,"column":8},"end":{"line":71,"column":29}},"33":{"start":{"line":72,"column":8},"end":{"line":72,"column":22}},"34":{"start":{"line":78,"column":4},"end":{"line":78,"column":33}},"35":{"start":{"line":79,"column":4},"end":{"line":79,"column":25}},"36":{"start":{"line":80,"column":4},"end":{"line":80,"column":40}},"37":{"start":{"line":81,"column":4},"end":{"line":81,"column":22}},"38":{"start":{"line":85,"column":4},"end":{"line":85,"column":25}},"39":{"start":{"line":86,"column":4},"end":{"line":86,"column":29}},"40":{"start":{"line":92,"column":4},"end":{"line":92,"column":24}},"41":{"start":{"line":93,"column":4},"end":{"line":93,"column":19}},"42":{"start":{"line":94,"column":4},"end":{"line":94,"column":33}},"43":{"start":{"line":95,"column":4},"end":{"line":95,"column":27}},"44":{"start":{"line":96,"column":4},"end":{"line":96,"column":17}},"45":{"start":{"line":98,"column":4},"end":{"line":98,"column":34}},"46":{"start":{"line":102,"column":16},"end":{"line":102,"column":45}},"47":{"start":{"line":103,"column":4},"end":{"line":103,"column":40}},"48":{"start":{"line":104,"column":4},"end":{"line":108,"column":5}},"49":{"start":{"line":105,"column":6},"end":{"line":105,"column":42}},"50":{"start":{"line":107,"column":6},"end":{"line":107,"column":45}},"51":{"start":{"line":109,"column":4},"end":{"line":111,"column":5}},"52":{"start":{"line":110,"column":6},"end":{"line":110,"column":53}},"53":{"start":{"line":112,"column":4},"end":{"line":123,"column":23}},"54":{"start":{"line":113,"column":6},"end":{"line":113,"column":19}},"55":{"start":{"line":114,"column":6},"end":{"line":121,"column":7}},"56":{"start":{"line":115,"column":8},"end":{"line":115,"column":26}},"57":{"start":{"line":116,"column":8},"end":{"line":116,"column":21}},"58":{"start":{"line":117,"column":8},"end":{"line":120,"column":9}},"59":{"start":{"line":118,"column":10},"end":{"line":118,"column":32}},"60":{"start":{"line":119,"column":10},"end":{"line":119,"column":17}},"61":{"start":{"line":122,"column":6},"end":{"line":122,"column":22}},"62":{"start":{"line":127,"column":15},"end":{"line":127,"column":51}},"63":{"start":{"line":128,"column":4},"end":{"line":134,"column":5}},"64":{"start":{"line":128,"column":17},"end":{"line":128,"column":18}},"65":{"start":{"line":129,"column":6},"end":{"line":133,"column":7}},"66":{"start":{"line":130,"column":8},"end":{"line":130,"column":40}},"67":{"start":{"line":132,"column":8},"end":{"line":132,"column":43}},"68":{"start":{"line":138,"column":4},"end":{"line":138,"column":32}},"69":{"start":{"line":139,"column":19},"end":{"line":139,"column":74}},"70":{"start":{"line":140,"column":4},"end":{"line":142,"column":61}},"71":{"start":{"line":143,"column":4},"end":{"line":143,"column":73}},"72":{"start":{"line":144,"column":4},"end":{"line":144,"column":43}},"73":{"start":{"line":145,"column":4},"end":{"line":145,"column":28}},"74":{"start":{"line":146,"column":4},"end":{"line":146,"column":27}},"75":{"start":{"line":148,"column":4},"end":{"line":152,"column":7}},"76":{"start":{"line":149,"column":6},"end":{"line":151,"column":9}},"77":{"start":{"line":150,"column":8},"end":{"line":150,"column":44}},"78":{"start":{"line":158,"column":4},"end":{"line":158,"column":33}},"79":{"start":{"line":159,"column":4},"end":{"line":159,"column":32}},"80":{"start":{"line":160,"column":4},"end":{"line":160,"column":25}},"81":{"start":{"line":161,"column":4},"end":{"line":161,"column":33}},"82":{"start":{"line":162,"column":4},"end":{"line":162,"column":52}},"83":{"start":{"line":163,"column":4},"end":{"line":163,"column":38}},"84":{"start":{"line":164,"column":4},"end":{"line":164,"column":53}},"85":{"start":{"line":165,"column":4},"end":{"line":165,"column":43}},"86":{"start":{"line":166,"column":4},"end":{"line":166,"column":43}},"87":{"start":{"line":167,"column":4},"end":{"line":167,"column":22}},"88":{"start":{"line":168,"column":4},"end":{"line":168,"column":29}},"89":{"start":{"line":172,"column":4},"end":{"line":172,"column":33}},"90":{"start":{"line":173,"column":4},"end":{"line":173,"column":32}},"91":{"start":{"line":174,"column":4},"end":{"line":174,"column":25}},"92":{"start":{"line":175,"column":4},"end":{"line":175,"column":24}},"93":{"start":{"line":176,"column":4},"end":{"line":176,"column":25}},"94":{"start":{"line":177,"column":4},"end":{"line":177,"column":43}},"95":{"start":{"line":178,"column":4},"end":{"line":178,"column":38}},"96":{"start":{"line":179,"column":4},"end":{"line":179,"column":53}},"97":{"start":{"line":180,"column":4},"end":{"line":180,"column":62}},"98":{"start":{"line":181,"column":4},"end":{"line":181,"column":67}},"99":{"start":{"line":182,"column":4},"end":{"line":182,"column":29}},"100":{"start":{"line":183,"column":4},"end":{"line":183,"column":22}},"101":{"start":{"line":189,"column":4},"end":{"line":189,"column":67}},"102":{"start":{"line":190,"column":4},"end":{"line":190,"column":32}},"103":{"start":{"line":190,"column":25},"end":{"line":190,"column":32}},"104":{"start":{"line":192,"column":4},"end":{"line":192,"column":67}},"105":{"start":{"line":193,"column":4},"end":{"line":193,"column":59}},"106":{"start":{"line":194,"column":4},"end":{"line":194,"column":61}},"107":{"start":{"line":195,"column":4},"end":{"line":195,"column":67}},"108":{"start":{"line":196,"column":4},"end":{"line":196,"column":56}},"109":{"start":{"line":197,"column":4},"end":{"line":197,"column":63}},"110":{"start":{"line":198,"column":4},"end":{"line":198,"column":59}},"111":{"start":{"line":199,"column":4},"end":{"line":199,"column":59}},"112":{"start":{"line":200,"column":4},"end":{"line":200,"column":57}},"113":{"start":{"line":201,"column":4},"end":{"line":201,"column":54}},"114":{"start":{"line":203,"column":4},"end":{"line":205,"column":7}},"115":{"start":{"line":204,"column":6},"end":{"line":204,"column":53}},"116":{"start":{"line":206,"column":4},"end":{"line":208,"column":7}},"117":{"start":{"line":207,"column":6},"end":{"line":207,"column":52}},"118":{"start":{"line":209,"column":4},"end":{"line":211,"column":7}},"119":{"start":{"line":210,"column":6},"end":{"line":210,"column":65}},"120":{"start":{"line":210,"column":27},"end":{"line":210,"column":40}},"121":{"start":{"line":210,"column":50},"end":{"line":210,"column":63}},"122":{"start":{"line":212,"column":4},"end":{"line":212,"column":90}},"123":{"start":{"line":213,"column":4},"end":{"line":213,"column":83}},"124":{"start":{"line":215,"column":4},"end":{"line":215,"column":52}},"125":{"start":{"line":216,"column":4},"end":{"line":216,"column":22}},"126":{"start":{"line":219,"column":2},"end":{"line":219,"column":54}}},"fnMap":{"0":{"name":"(anonymous_0)","decl":{"start":{"line":1,"column":1},"end":{"line":1,"column":2}},"loc":{"start":{"line":1,"column":13},"end":{"line":220,"column":1}},"line":1},"1":{"name":"fmt","decl":{"start":{"line":36,"column":11},"end":{"line":36,"column":14}},"loc":{"start":{"line":36,"column":21},"end":{"line":40,"column":3}},"line":36},"2":{"name":"pad","decl":{"start":{"line":42,"column":11},"end":{"line":42,"column":14}},"loc":{"start":{"line":42,"column":18},"end":{"line":44,"column":3}},"line":42},"3":{"name":"showPhase","decl":{"start":{"line":46,"column":11},"end":{"line":46,"column":20}},"loc":{"start":{"line":46,"column":25},"end":{"line":52,"column":3}},"line":46},"4":{"name":"setWizard","decl":{"start":{"line":54,"column":11},"end":{"line":54,"column":20}},"loc":{"start":{"line":54,"column":28},"end":{"line":56,"column":3}},"line":54},"5":{"name":"startTimer","decl":{"start":{"line":60,"column":11},"end":{"line":60,"column":21}},"loc":{"start":{"line":60,"column":24},"end":{"line":75,"column":3}},"line":60},"6":{"name":"(anonymous_6)","decl":{"start":{"line":64,"column":32},"end":{"line":64,"column":33}},"loc":{"start":{"line":64,"column":44},"end":{"line":74,"column":5}},"line":64},"7":{"name":"pauseTimer","decl":{"start":{"line":77,"column":11},"end":{"line":77,"column":21}},"loc":{"start":{"line":77,"column":24},"end":{"line":82,"column":3}},"line":77},"8":{"name":"onTimerDone","decl":{"start":{"line":84,"column":11},"end":{"line":84,"column":22}},"loc":{"start":{"line":84,"column":25},"end":{"line":87,"column":3}},"line":84},"9":{"name":"startBreathing","decl":{"start":{"line":91,"column":11},"end":{"line":91,"column":25}},"loc":{"start":{"line":91,"column":28},"end":{"line":99,"column":3}},"line":91},"10":{"name":"runBreathStep","decl":{"start":{"line":101,"column":11},"end":{"line":101,"column":24}},"loc":{"start":{"line":101,"column":27},"end":{"line":124,"column":3}},"line":101},"11":{"name":"(anonymous_11)","decl":{"start":{"line":112,"column":31},"end":{"line":112,"column":32}},"loc":{"start":{"line":112,"column":43},"end":{"line":123,"column":5}},"line":112},"12":{"name":"updateDots","decl":{"start":{"line":126,"column":11},"end":{"line":126,"column":21}},"loc":{"start":{"line":126,"column":24},"end":{"line":135,"column":3}},"line":126},"13":{"name":"onBreathingComplete","decl":{"start":{"line":137,"column":11},"end":{"line":137,"column":30}},"loc":{"start":{"line":137,"column":33},"end":{"line":153,"column":3}},"line":137},"14":{"name":"(anonymous_14)","decl":{"start":{"line":148,"column":26},"end":{"line":148,"column":27}},"loc":{"start":{"line":148,"column":38},"end":{"line":152,"column":5}},"line":148},"15":{"name":"(anonymous_15)","decl":{"start":{"line":149,"column":28},"end":{"line":149,"column":29}},"loc":{"start":{"line":149,"column":40},"end":{"line":151,"column":7}},"line":149},"16":{"name":"resetDemo","decl":{"start":{"line":157,"column":11},"end":{"line":157,"column":20}},"loc":{"start":{"line":157,"column":23},"end":{"line":169,"column":3}},"line":157},"17":{"name":"setDuration","decl":{"start":{"line":171,"column":11},"end":{"line":171,"column":22}},"loc":{"start":{"line":171,"column":51},"end":{"line":184,"column":3}},"line":171},"18":{"name":"init","decl":{"start":{"line":188,"column":11},"end":{"line":188,"column":15}},"loc":{"start":{"line":188,"column":18},"end":{"line":217,"column":3}},"line":188},"19":{"name":"(anonymous_19)","decl":{"start":{"line":203,"column":69},"end":{"line":203,"column":70}},"loc":{"start":{"line":203,"column":81},"end":{"line":205,"column":5}},"line":203},"20":{"name":"(anonymous_20)","decl":{"start":{"line":206,"column":68},"end":{"line":206,"column":69}},"loc":{"start":{"line":206,"column":80},"end":{"line":208,"column":5}},"line":206},"21":{"name":"(anonymous_21)","decl":{"start":{"line":209,"column":41},"end":{"line":209,"column":42}},"loc":{"start":{"line":209,"column":53},"end":{"line":211,"column":5}},"line":209}},"branchMap":{"0":{"loc":{"start":{"line":43,"column":11},"end":{"line":43,"column":36}},"type":"cond-expr","locations":[{"start":{"line":43,"column":20},"end":{"line":43,"column":27}},{"start":{"line":43,"column":30},"end":{"line":43,"column":36}}],"line":43},"1":{"loc":{"start":{"line":61,"column":4},"end":{"line":61,"column":30}},"type":"if","locations":[{"start":{"line":61,"column":4},"end":{"line":61,"column":30}},{"start":{},"end":{}}],"line":61},"2":{"loc":{"start":{"line":69,"column":6},"end":{"line":73,"column":7}},"type":"if","locations":[{"start":{"line":69,"column":6},"end":{"line":73,"column":7}},{"start":{},"end":{}}],"line":69},"3":{"loc":{"start":{"line":104,"column":4},"end":{"line":108,"column":5}},"type":"if","locations":[{"start":{"line":104,"column":4},"end":{"line":108,"column":5}},{"start":{"line":106,"column":11},"end":{"line":108,"column":5}}],"line":104},"4":{"loc":{"start":{"line":109,"column":4},"end":{"line":111,"column":5}},"type":"if","locations":[{"start":{"line":109,"column":4},"end":{"line":111,"column":5}},{"start":{},"end":{}}],"line":109},"5":{"loc":{"start":{"line":114,"column":6},"end":{"line":121,"column":7}},"type":"if","locations":[{"start":{"line":114,"column":6},"end":{"line":121,"column":7}},{"start":{},"end":{}}],"line":114},"6":{"loc":{"start":{"line":117,"column":8},"end":{"line":120,"column":9}},"type":"if","locations":[{"start":{"line":117,"column":8},"end":{"line":120,"column":9}},{"start":{},"end":{}}],"line":117},"7":{"loc":{"start":{"line":129,"column":6},"end":{"line":133,"column":7}},"type":"if","locations":[{"start":{"line":129,"column":6},"end":{"line":133,"column":7}},{"start":{"line":131,"column":13},"end":{"line":133,"column":7}}],"line":129},"8":{"loc":{"start":{"line":190,"column":4},"end":{"line":190,"column":32}},"type":"if","locations":[{"start":{"line":190,"column":4},"end":{"line":190,"column":32}},{"start":{},"end":{}}],"line":190},"9":{"loc":{"start":{"line":210,"column":6},"end":{"line":210,"column":65}},"type":"if","locations":[{"start":{"line":210,"column":6},"end":{"line":210,"column":65}},{"start":{"line":210,"column":48},"end":{"line":210,"column":65}}],"line":210}},"s":{"0":4,"1":4,"2":4,"3":4,"4":4,"5":4,"6":4,"7":4,"8":4,"9":4,"10":4,"11":5,"12":5,"13":5,"14":10,"15":2,"16":2,"17":2,"18":0,"19":2,"20":7,"21":2,"22":0,"23":2,"24":2,"25":2,"26":0,"27":0,"28":0,"29":0,"30":0,"31":0,"32":0,"33":0,"34":0,"35":0,"36":0,"37":0,"38":0,"39":0,"40":1,"41":1,"42":1,"43":0,"44":0,"45":0,"46":0,"47":0,"48":0,"49":0,"50":0,"51":0,"52":0,"53":0,"54":0,"55":0,"56":0,"57":0,"58":0,"59":0,"60":0,"61":0,"62":0,"63":0,"64":0,"65":0,"66":0,"67":0,"68":0,"69":0,"70":0,"71":0,"72":0,"73":0,"74":0,"75":0,"76":0,"77":0,"78":1,"79":1,"80":1,"81":1,"82":1,"83":1,"84":1,"85":1,"86":1,"87":1,"88":1,"89":0,"90":0,"91":0,"92":0,"93":0,"94":0,"95":0,"96":0,"97":0,"98":0,"99":0,"100":0,"101":4,"102":4,"103":0,"104":4,"105":4,"106":4,"107":4,"108":4,"109":4,"110":4,"111":4,"112":4,"113":4,"114":4,"115":0,"116":4,"117":0,"118":4,"119":2,"120":0,"121":2,"122":4,"123":4,"124":4,"125":4,"126":4},"f":{"0":4,"1":5,"2":10,"3":2,"4":7,"5":2,"6":0,"7":0,"8":0,"9":1,"10":0,"11":0,"12":0,"13":0,"14":0,"15":0,"16":1,"17":0,"18":4,"19":0,"20":0,"21":2},"b":{"0":[10,0],"1":[0,2],"2":[0,0],"3":[0,0],"4":[0,0],"5":[0,0],"6":[0,0],"7":[0,0],"8":[0,4],"9":[0,2]},"inputSourceMap":null,"_coverageSchema":"1a1c01bbd47fc00a2c39e90264f33305004495a9","hash":"88955250cb2dbb82280d2d5467d845cb6c8f4ced"}
}
