TN:
SF:js/demo.js
FN:1,(anonymous_0)
FN:36,fmt
FN:42,pad
FN:46,showPhase
FN:54,setWizard
FN:60,startTimer
FN:64,(anonymous_6)
FN:77,pauseTimer
FN:84,onTimerDone
FN:91,startBreathing
FN:101,runBreathStep
FN:112,(anonymous_11)
FN:126,updateDots
FN:137,onBreathingComplete
FN:148,(anonymous_14)
FN:149,(anonymous_15)
FN:157,resetDemo
FN:171,setDuration
FN:188,init
FN:203,(anonymous_19)
FN:206,(anonymous_20)
FN:209,(anonymous_21)
FNF:22
FNH:10
FNDA:4,(anonymous_0)
FNDA:5,fmt
FNDA:10,pad
FNDA:2,showPhase
FNDA:7,setWizard
FNDA:2,startTimer
FNDA:0,(anonymous_6)
FNDA:0,pauseTimer
FNDA:0,onTimerDone
FNDA:1,startBreathing
FNDA:0,runBreathStep
FNDA:0,(anonymous_11)
FNDA:0,updateDots
FNDA:0,onBreathingComplete
FNDA:0,(anonymous_14)
FNDA:0,(anonymous_15)
FNDA:1,resetDemo
FNDA:0,setDuration
FNDA:4,init
FNDA:0,(anonymous_19)
FNDA:0,(anonymous_20)
FNDA:2,(anonymous_21)
DA:1,4
DA:4,4
DA:15,4
DA:21,4
DA:22,4
DA:24,4
DA:25,4
DA:26,4
DA:27,4
DA:28,4
DA:29,4
DA:37,5
DA:38,5
DA:39,5
DA:43,10
DA:47,2
DA:48,2
DA:49,0
DA:51,2
DA:55,7
DA:61,2
DA:62,2
DA:63,2
DA:64,2
DA:65,0
DA:66,0
DA:67,0
DA:68,0
DA:69,0
DA:70,0
DA:71,0
DA:72,0
DA:78,0
DA:79,0
DA:80,0
DA:81,0
DA:85,0
DA:86,0
DA:92,1
DA:93,1
DA:94,1
DA:95,0
DA:96,0
DA:98,0
DA:102,0
DA:103,0
DA:104,0
DA:105,0
DA:107,0
DA:109,0
DA:110,0
DA:112,0
DA:113,0
DA:114,0
DA:115,0
DA:116,0
DA:117,0
DA:118,0
DA:119,0
DA:122,0
DA:127,0
DA:128,0
DA:129,0
DA:130,0
DA:132,0
DA:138,0
DA:139,0
DA:140,0
DA:143,0
DA:144,0
DA:145,0
DA:146,0
DA:148,0
DA:149,0
DA:150,0
DA:158,1
DA:159,1
DA:160,1
DA:161,1
DA:162,1
DA:163,1
DA:164,1
DA:165,1
DA:166,1
DA:167,1
DA:168,1
DA:172,0
DA:173,0
DA:174,0
DA:175,0
DA:176,0
DA:177,0
DA:178,0
DA:179,0
DA:180,0
DA:181,0
DA:182,0
DA:183,0
DA:189,4
DA:190,4
DA:192,4
DA:193,4
DA:194,4
DA:195,4
DA:196,4
DA:197,4
DA:198,4
DA:199,4
DA:200,4
DA:201,4
DA:203,4
DA:204,0
DA:206,4
DA:207,0
DA:209,4
DA:210,2
DA:212,4
DA:213,4
DA:215,4
DA:216,4
DA:219,4
LF:121
LH:58
BRDA:43,0,0,10
BRDA:43,0,1,0
BRDA:61,1,0,0
BRDA:61,1,1,2
BRDA:69,2,0,0
BRDA:69,2,1,0
BRDA:104,3,0,0
BRDA:104,3,1,0
BRDA:109,4,0,0
BRDA:109,4,1,0
BRDA:114,5,0,0
BRDA:114,5,1,0
BRDA:117,6,0,0
BRDA:117,6,1,0
BRDA:129,7,0,0
BRDA:129,7,1,0
BRDA:190,8,0,0
BRDA:190,8,1,4
BRDA:210,9,0,0
BRDA:210,9,1,2
BRF:20
BRH:4
end_of_record
